[31-Jan-2021 02:00:01] NOTICE: fpm is running, pid 505
[31-Jan-2021 02:00:01] NOTICE: ready to handle connections
[31-Jan-2021 14:36:42] NOTICE: Terminating ...
[31-Jan-2021 14:36:42] NOTICE: exiting, bye-bye!
[31-Jan-2021 14:39:26] NOTICE: fpm is running, pid 403
[31-Jan-2021 14:39:26] NOTICE: ready to handle connections
[31-Jan-2021 15:11:11] NOTICE: Terminating ...
[31-Jan-2021 15:11:11] NOTICE: exiting, bye-bye!
[31-Jan-2021 15:14:58] NOTICE: fpm is running, pid 403
[31-Jan-2021 15:14:58] NOTICE: ready to handle connections
[31-Jan-2021 19:14:26] NOTICE: Terminating ...
[31-Jan-2021 19:14:26] NOTICE: exiting, bye-bye!
[31-Jan-2021 19:17:38] NOTICE: fpm is running, pid 403
[31-Jan-2021 19:17:38] NOTICE: ready to handle connections
[03-Feb-2021 18:30:32] NOTICE: Terminating ...
[03-Feb-2021 18:30:32] NOTICE: exiting, bye-bye!
[03-Feb-2021 18:33:17] NOTICE: fpm is running, pid 403
[03-Feb-2021 18:33:17] NOTICE: ready to handle connections
[03-Feb-2021 19:24:03] NOTICE: Terminating ...
[03-Feb-2021 19:24:03] NOTICE: exiting, bye-bye!
[03-Feb-2021 19:26:43] NOTICE: fpm is running, pid 403
[03-Feb-2021 19:26:43] NOTICE: ready to handle connections
[03-Feb-2021 22:06:44] NOTICE: Terminating ...
[03-Feb-2021 22:06:44] NOTICE: exiting, bye-bye!
[03-Feb-2021 22:12:49] NOTICE: fpm is running, pid 411
[03-Feb-2021 22:12:50] NOTICE: ready to handle connections
