<------------------------------------------------->

<------------------------------------------------->
cronjob running on Sun Jan 31 02:08:00 CET 2021
Running certbot renew
Saving debug log to /var/log/letsencrypt/letsencrypt.log

- - - - - - - - - - - - - - - - - - - - - - - - - - - - - - - - - - - - - - - -
Processing /etc/letsencrypt/renewal/lumontec.com.conf
- - - - - - - - - - - - - - - - - - - - - - - - - - - - - - - - - - - - - - - -
Cert not yet due for renewal

- - - - - - - - - - - - - - - - - - - - - - - - - - - - - - - - - - - - - - - -
The following certificates are not due for renewal yet:
  /etc/letsencrypt/live/lumontec.com/fullchain.pem expires on 2021-04-23 (skipped)
No renewals were attempted.
No hooks were run.
- - - - - - - - - - - - - - - - - - - - - - - - - - - - - - - - - - - - - - - -
<------------------------------------------------->

<------------------------------------------------->
cronjob running on Mon Feb 1 02:08:00 CET 2021
Running certbot renew
Saving debug log to /var/log/letsencrypt/letsencrypt.log

- - - - - - - - - - - - - - - - - - - - - - - - - - - - - - - - - - - - - - - -
Processing /etc/letsencrypt/renewal/lumontec.com.conf
- - - - - - - - - - - - - - - - - - - - - - - - - - - - - - - - - - - - - - - -
Cert not yet due for renewal

- - - - - - - - - - - - - - - - - - - - - - - - - - - - - - - - - - - - - - - -
The following certificates are not due for renewal yet:
  /etc/letsencrypt/live/lumontec.com/fullchain.pem expires on 2021-04-23 (skipped)
No renewals were attempted.
No hooks were run.
- - - - - - - - - - - - - - - - - - - - - - - - - - - - - - - - - - - - - - - -
<------------------------------------------------->

<------------------------------------------------->
cronjob running on Tue Feb 2 02:08:00 CET 2021
Running certbot renew
Saving debug log to /var/log/letsencrypt/letsencrypt.log

- - - - - - - - - - - - - - - - - - - - - - - - - - - - - - - - - - - - - - - -
Processing /etc/letsencrypt/renewal/lumontec.com.conf
- - - - - - - - - - - - - - - - - - - - - - - - - - - - - - - - - - - - - - - -
Cert not yet due for renewal

- - - - - - - - - - - - - - - - - - - - - - - - - - - - - - - - - - - - - - - -
The following certificates are not due for renewal yet:
  /etc/letsencrypt/live/lumontec.com/fullchain.pem expires on 2021-04-23 (skipped)
No renewals were attempted.
No hooks were run.
- - - - - - - - - - - - - - - - - - - - - - - - - - - - - - - - - - - - - - - -
<------------------------------------------------->

<------------------------------------------------->
cronjob running on Wed Feb 3 02:08:00 CET 2021
Running certbot renew
Saving debug log to /var/log/letsencrypt/letsencrypt.log

- - - - - - - - - - - - - - - - - - - - - - - - - - - - - - - - - - - - - - - -
Processing /etc/letsencrypt/renewal/lumontec.com.conf
- - - - - - - - - - - - - - - - - - - - - - - - - - - - - - - - - - - - - - - -
Cert not yet due for renewal

- - - - - - - - - - - - - - - - - - - - - - - - - - - - - - - - - - - - - - - -
The following certificates are not due for renewal yet:
  /etc/letsencrypt/live/lumontec.com/fullchain.pem expires on 2021-04-23 (skipped)
No renewals were attempted.
No hooks were run.
- - - - - - - - - - - - - - - - - - - - - - - - - - - - - - - - - - - - - - - -
